[    0.000000] Linux version 4.15.0-88-generic (buildd@lgw01-amd64-036) (gcc version 7.4.0 (Ubuntu 7.4.0-1ubuntu1~18.04.1)) #88-Ubuntu SMP Tue Feb 11 20:11:34 UTC 2020 (Ubuntu 4.15.0-88.88-generic 4.15.18)
[    0.000000] Command line: BOOT_IMAGE=/boot/vmlinuz-4.15.0-88-generic root=LABEL=cloudimg-rootfs ro console=tty1 console=ttyS0
[    0.000000] KERNEL supported cpus:
[    0.000000]   Intel GenuineIntel
[    0.000000]   AMD AuthenticAMD
[    0.000000]   Centaur CentaurHauls
[    0.000000] x86/fpu: Supporting XSAVE feature 0x001: 'x87 floating point registers'
[    0.000000] x86/fpu: Supporting XSAVE feature 0x002: 'SSE registers'
[    0.000000] x86/fpu: Supporting XSAVE feature 0x004: 'AVX registers'
[    0.000000] x86/fpu: xstate_offset[2]:  576, xstate_sizes[2]:  256
[    0.000000] x86/fpu: Enabled xstate features 0x7, context size is 832 bytes, using 'standard' format.
[    0.000000] e820: BIOS-provided physical RAM map:
[    0.000000] BIOS-e820: [mem 0x0000000000000000-0x000000000009fbff] usable
[    0.000000] BIOS-e820: [mem 0x000000000009fc00-0x000000000009ffff] reserved
[    0.000000] BIOS-e820: [mem 0x00000000000f0000-0x00000000000fffff] reserved
[    0.000000] BIOS-e820: [mem 0x0000000000100000-0x000000003ffeffff] usable
[    0.000000] BIOS-e820: [mem 0x000000003fff0000-0x000000003fffffff] ACPI data
[    0.000000] BIOS-e820: [mem 0x00000000fec00000-0x00000000fec00fff] reserved
[    0.000000] BIOS-e820: [mem 0x00000000fee00000-0x00000000fee00fff] reserved
[    0.000000] BIOS-e820: [mem 0x00000000fffc0000-0x00000000ffffffff] reserved
[    0.000000] NX (Execute Disable) protection: active
[    0.000000] SMBIOS 2.5 present.
[    0.000000] DMI: innotek GmbH VirtualBox/VirtualBox, BIOS VirtualBox 12/01/2006
[    0.000000] Hypervisor detected: KVM
[    0.000000] e820: last_pfn = 0x3fff0 max_arch_pfn = 0x400000000
[    0.000000] MTRR: Disabled
[    0.000000] x86/PAT: MTRRs disabled, skipping PAT initialization too.
[    0.000000] CPU MTRRs all blank - virtualized system.
[    0.000000] x86/PAT: Configuration [0-7]: WB  WT  UC- UC  WB  WT  UC- UC  
[    0.000000] found SMP MP-table at [mem 0x0009fff0-0x0009ffff]
[    0.000000] Scanning 1 areas for low memory corruption
[    0.000000] RAMDISK: [mem 0x35a6d000-0x36d2dfff]
[    0.000000] ACPI: Early table checksum verification disabled
[    0.000000] ACPI: RSDP 0x00000000000E0000 000024 (v02 VBOX  )
[    0.000000] ACPI: XSDT 0x000000003FFF0030 00003C (v01 VBOX   VBOXXSDT 00000001 ASL  00000061)
[    0.000000] ACPI: FACP 0x000000003FFF00F0 0000F4 (v04 VBOX   VBOXFACP 00000001 ASL  00000061)
[    0.000000] ACPI: DSDT 0x000000003FFF0470 0021FF (v02 VBOX   VBOXBIOS 00000002 INTL 20180105)
[    0.000000] ACPI: FACS 0x000000003FFF0200 000040
[    0.000000] ACPI: FACS 0x000000003FFF0200 000040
[    0.000000] ACPI: APIC 0x000000003FFF0240 00005C (v02 VBOX   VBOXAPIC 00000001 ASL  00000061)
[    0.000000] ACPI: SSDT 0x000000003FFF02A0 0001CC (v01 VBOX   VBOXCPUT 00000002 INTL 20180105)
[    0.000000] No NUMA configuration found
[    0.000000] Faking a node at [mem 0x0000000000000000-0x000000003ffeffff]
[    0.000000] NODE_DATA(0) allocated [mem 0x3ffc5000-0x3ffeffff]
[    0.000000] kvm-clock: cpu 0, msr 0:3ff44001, primary cpu clock
[    0.000000] kvm-clock: Using msrs 4b564d01 and 4b564d00
[    0.000000] kvm-clock: using sched offset of 4072802981 cycles
[    0.000000] clocksource: kvm-clock: mask: 0xffffffffffffffff max_cycles: 0x1cd42e4dffb, max_idle_ns: 881590591483 ns
[    0.000000] Zone ranges:
[    0.000000]   DMA      [mem 0x0000000000001000-0x0000000000ffffff]
[    0.000000]   DMA32    [mem 0x0000000001000000-0x000000003ffeffff]
[    0.000000]   Normal   empty
[    0.000000]   Device   empty
[    0.000000] Movable zone start for each node
[    0.000000] Early memory node ranges
[    0.000000]   node   0: [mem 0x0000000000001000-0x000000000009efff]
[    0.000000]   node   0: [mem 0x0000000000100000-0x000000003ffeffff]
[    0.000000] Reserved but unavailable: 98 pages
[    0.000000] Initmem setup node 0 [mem 0x0000000000001000-0x000000003ffeffff]
[    0.000000] ACPI: PM-Timer IO Port: 0x4008
[    0.000000] IOAPIC[0]: apic_id 2, version 32, address 0xfec00000, GSI 0-23
[    0.000000] ACPI: INT_SRC_OVR (bus 0 bus_irq 0 global_irq 2 dfl dfl)
[    0.000000] ACPI: INT_SRC_OVR (bus 0 bus_irq 9 global_irq 9 low level)
[    0.000000] Using ACPI (MADT) for SMP configuration information
[    0.000000] smpboot: Allowing 2 CPUs, 0 hotplug CPUs
[    0.000000] PM: Registered nosave memory: [mem 0x00000000-0x00000fff]
[    0.000000] PM: Registered nosave memory: [mem 0x0009f000-0x0009ffff]
[    0.000000] PM: Registered nosave memory: [mem 0x000a0000-0x000effff]
[    0.000000] PM: Registered nosave memory: [mem 0x000f0000-0x000fffff]
[    0.000000] e820: [mem 0x40000000-0xfebfffff] available for PCI devices
[    0.000000] Booting paravirtualized kernel on KVM
[    0.000000] clocksource: refined-jiffies: mask: 0xffffffff max_cycles: 0xffffffff, max_idle_ns: 7645519600211568 ns
[    0.000000] random: get_random_bytes called from start_kernel+0x99/0x4fd with crng_init=0
[    0.000000] setup_percpu: NR_CPUS:8192 nr_cpumask_bits:2 nr_cpu_ids:2 nr_node_ids:1
[    0.000000] percpu: Embedded 45 pages/cpu s147456 r8192 d28672 u1048576
[    0.000000] PV qspinlock hash table entries: 256 (order: 0, 4096 bytes)
[    0.000000] Built 1 zonelists, mobility grouping on.  Total pages: 257913
[    0.000000] Policy zone: DMA32
[    0.000000] Kernel command line: BOOT_IMAGE=/boot/vmlinuz-4.15.0-88-generic root=LABEL=cloudimg-rootfs ro console=tty1 console=ttyS0
[    0.000000] Memory: 983068K/1048120K available (12300K kernel code, 2481K rwdata, 4264K rodata, 2428K init, 2712K bss, 65052K reserved, 0K cma-reserved)
[    0.000000] SLUB: HWalign=64, Order=0-3, MinObjects=0, CPUs=2, Nodes=1
[    0.000000] Kernel/User page tables isolation: enabled
[    0.000000] ftrace: allocating 39344 entries in 154 pages
[    0.004000] Hierarchical RCU implementation.
[    0.004000] 	RCU restricting CPUs from NR_CPUS=8192 to nr_cpu_ids=2.
[    0.004000] 	Tasks RCU enabled.
[    0.004000] RCU: Adjusting geometry for rcu_fanout_leaf=16, nr_cpu_ids=2
[    0.004000] NR_IRQS: 524544, nr_irqs: 440, preallocated irqs: 16
[    0.004000] Console: colour VGA+ 80x25
[    0.004000] console [tty1] enabled
[    0.004000] console [ttyS0] enabled
[    0.004000] ACPI: Core revision 20170831
[    0.004000] ACPI: 2 ACPI AML tables successfully acquired and loaded
[    0.004000] APIC: Switch to symmetric I/O mode setup
[    0.004000] x2apic enabled
[    0.004000] Switched APIC routing to physical x2apic.
[    0.005987] ..TIMER: vector=0x30 apic1=0 pin1=2 apic2=-1 pin2=-1
[    0.008006] tsc: Detected 2281.528 MHz processor
[    0.012016] Calibrating delay loop (skipped) preset value.. 4563.05 BogoMIPS (lpj=9126112)
[    0.016012] pid_max: default: 32768 minimum: 301
[    0.020065] Security Framework initialized
[    0.021195] Yama: becoming mindful.
[    0.022216] AppArmor: AppArmor initialized
[    0.025052] Dentry cache hash table entries: 131072 (order: 8, 1048576 bytes)
[    0.028127] Inode-cache hash table entries: 65536 (order: 7, 524288 bytes)
[    0.036043] Mount-cache hash table entries: 2048 (order: 2, 16384 bytes)
[    0.040024] Mountpoint-cache hash table entries: 2048 (order: 2, 16384 bytes)
[    0.044435] Last level iTLB entries: 4KB 1024, 2MB 1024, 4MB 1024
[    0.048011] Last level dTLB entries: 4KB 1024, 2MB 1024, 4MB 1024, 1GB 4
[    0.052007] Spectre V1 : Mitigation: usercopy/swapgs barriers and __user pointer sanitization
[    0.056010] Spectre V2 : Mitigation: Full generic retpoline
[    0.060009] Spectre V2 : Spectre v2 / SpectreRSB mitigation: Filling RSB on context switch
[    0.064005] Speculative Store Bypass: Vulnerable
[    0.065020] MDS: Mitigation: Clear CPU buffers
[    0.066084] Freeing SMP alternatives memory: 36K
[    0.179729] smpboot: CPU0: Intel(R) Core(TM) i5-4200U CPU @ 1.60GHz (family: 0x6, model: 0x45, stepping: 0x1)
[    0.180000] Performance Events: unsupported p6 CPU model 69 no PMU driver, software events only.
[    0.180098] Hierarchical SRCU implementation.
[    0.185109] NMI watchdog: Perf event create on CPU 0 failed with -2
[    0.188010] NMI watchdog: Perf NMI watchdog permanently disabled
[    0.189552] smp: Bringing up secondary CPUs ...
[    0.192188] x86: Booting SMP configuration:
[    0.196010] .... node  #0, CPUs:      #1
[    0.004000] kvm-clock: cpu 1, msr 0:3ff44041, secondary cpu clock
[    0.211416] smp: Brought up 1 node, 2 CPUs
[    0.212011] smpboot: Max logical packages: 1
[    0.213202] smpboot: Total of 2 processors activated (9126.11 BogoMIPS)
[    0.215135] devtmpfs: initialized
[    0.216068] x86/mm: Memory block size: 128MB
[    0.217305] evm: security.selinux
[    0.218170] evm: security.SMACK64
[    0.220010] evm: security.SMACK64EXEC
[    0.224006] evm: security.SMACK64TRANSMUTE
[    0.225141] evm: security.SMACK64MMAP
[    0.228009] evm: security.apparmor
[    0.228951] evm: security.ima
[    0.229799] evm: security.capability
[    0.232180] clocksource: jiffies: mask: 0xffffffff max_cycles: 0xffffffff, max_idle_ns: 7645041785100000 ns
[    0.236030] futex hash table entries: 512 (order: 3, 32768 bytes)
[    0.244052] pinctrl core: initialized pinctrl subsystem
[    0.248227] RTC time: 18:08:33, date: 03/07/20
[    0.252268] NET: Registered protocol family 16
[    0.256172] audit: initializing netlink subsys (disabled)
[    0.257718] audit: type=2000 audit(1583604518.499:1): state=initialized audit_enabled=0 res=1
[    0.292018] cpuidle: using governor ladder
[    0.293309] cpuidle: using governor menu
[    0.294510] ACPI: bus type PCI registered
[    0.296007] acpiphp: ACPI Hot Plug PCI Controller Driver version: 0.5
[    0.297946] PCI: Using configuration type 1 for base access
[    0.302107] HugeTLB registered 2.00 MiB page size, pre-allocated 0 pages
[    0.304159] ACPI: Added _OSI(Module Device)
[    0.305348] ACPI: Added _OSI(Processor Device)
[    0.308014] ACPI: Added _OSI(3.0 _SCP Extensions)
[    0.312007] ACPI: Added _OSI(Processor Aggregator Device)
[    0.313473] ACPI: Added _OSI(Linux-Dell-Video)
[    0.314716] ACPI: Added _OSI(Linux-Lenovo-NV-HDMI-Audio)
[    0.316007] ACPI: Added _OSI(Linux-HPI-Hybrid-Graphics)
[    0.318000] ACPI: Executed 1 blocks of module-level executable AML code
[    0.328913] ACPI: Interpreter enabled
[    0.332029] ACPI: (supports S0 S5)
[    0.334531] ACPI: Using IOAPIC for interrupt routing
[    0.336455] PCI: Using host bridge windows from ACPI; if necessary, use "pci=nocrs" and report a bug
[    0.339213] ACPI: Enabled 2 GPEs in block 00 to 07
[    0.348432] ACPI: PCI Root Bridge [PCI0] (domain 0000 [bus 00-ff])
[    0.349926] acpi PNP0A03:00: _OSC: OS supports [ASPM ClockPM Segments MSI]
[    0.352066] acpi PNP0A03:00: _OSC: not requesting OS control; OS requires [ExtendedConfig ASPM ClockPM MSI]
[    0.356046] acpi PNP0A03:00: fail to add MMCONFIG information, can't access extended PCI configuration space under this bridge.
[    0.360544] PCI host bridge to bus 0000:00
[    0.364015] pci_bus 0000:00: root bus resource [io  0x0000-0x0cf7 window]
[    0.368014] pci_bus 0000:00: root bus resource [io  0x0d00-0xffff window]
[    0.372014] pci_bus 0000:00: root bus resource [mem 0x000a0000-0x000bffff window]
[    0.374106] pci_bus 0000:00: root bus resource [mem 0x40000000-0xfdffffff window]
[    0.376014] pci_bus 0000:00: root bus resource [bus 00-ff]
[    0.383073] pci 0000:00:01.1: legacy IDE quirk: reg 0x10: [io  0x01f0-0x01f7]
[    0.384010] pci 0000:00:01.1: legacy IDE quirk: reg 0x14: [io  0x03f6]
[    0.385710] pci 0000:00:01.1: legacy IDE quirk: reg 0x18: [io  0x0170-0x0177]
[    0.388010] pci 0000:00:01.1: legacy IDE quirk: reg 0x1c: [io  0x0376]
[    0.422699] pci 0000:00:07.0: quirk: [io  0x4000-0x403f] claimed by PIIX4 ACPI
[    0.424038] pci 0000:00:07.0: quirk: [io  0x4100-0x410f] claimed by PIIX4 SMB
[    0.443842] ACPI: PCI Interrupt Link [LNKA] (IRQs 5 9 10 *11)
[    0.444694] ACPI: PCI Interrupt Link [LNKB] (IRQs 5 9 *10 11)
[    0.446490] ACPI: PCI Interrupt Link [LNKC] (IRQs 5 *9 10 11)
[    0.448253] ACPI: PCI Interrupt Link [LNKD] (IRQs 5 9 10 *11)
[    0.452214] SCSI subsystem initialized
[    0.453472] pci 0000:00:02.0: vgaarb: setting as boot VGA device
[    0.453636] pci 0000:00:02.0: vgaarb: VGA device added: decodes=io+mem,owns=io+mem,locks=none
[    0.456011] pci 0000:00:02.0: vgaarb: bridge control possible
[    0.457634] vgaarb: loaded
[    0.458525] ACPI: bus type USB registered
[    0.460048] usbcore: registered new interface driver usbfs
[    0.463965] usbcore: registered new interface driver hub
[    0.464046] usbcore: registered new device driver usb
[    0.468148] EDAC MC: Ver: 3.0.0
[    0.472112] PCI: Using ACPI for IRQ routing
[    0.473742] NetLabel: Initializing
[    0.474744] NetLabel:  domain hash size = 128
[    0.476007] NetLabel:  protocols = UNLABELED CIPSOv4 CALIPSO
[    0.479810] NetLabel:  unlabeled traffic allowed by default
[    0.480127] clocksource: Switched to clocksource kvm-clock
[    0.544833] VFS: Disk otas dquot_6.6.0
[  041537] VFS: Dquot-cache hash table entries: 512 (order 0, 4096 bytes)
[    0.763973] AppArmor: AppArmor Filesystem Enabled
[    0.765371] pnp: PnP ACPI init
[    0.768321] pnp: PnP ACPI: found 3 devices

[    0.781279] clocksource: acpi_pm: mask 0xffffff max_cycles: 0xffffff, max_idle_ns: 2085701024 ns
[    0.821743] NET: Registered protocol family 2

[    0.825565] TCP established hash table entries: 8192 (order: 4, 65536 bytes)
[    0.827412] TCP bind hash table entries: 8192 (order:5, 131072 bytes)
[    0.861472] TCP: Hash tables configured (established 8192 bind 8192)
[    0.863217] UDP hash table entries: 512 (order: 2, 1684 bytes)
[    .897424] UDP-Lite hash table entries: 512 (order: 2, 384 bytes)
[    0.994886] NET: Registered protocol family 1
[    0.996071] pci 00:00:00.0: Limiting direct PCIPCI transfers
[    1.086253] pci 0000:00:01.0: Activating ISA DMA hang workarounds
[    1.087709] pci 0000:00:02.0: Video device with shadowed ROM at [mem 0x000c0000-0x000dffff]
[    1.089880] Unpacking initramfs...

[    1.546743] Freeing initrd memory: 19204K
[    1.553455] clocksource: tsc: mask: 0xffffffffffffffff max_cycles: 0x20e30b35be1, max_idle_ns: 440795202126 ns
[    1.566853] platform rtc_cmos: registered platform RTC device (no PNP device found)
[    1.568936] Scanning for low memory corruption every 60 seconds
[    1.571531] Initialise system trusted keyrings
[    1.580822] Key type blacklist registered
[    1.592266] workingset: timestamp_bits=36 max_order=18 bucket_order=0
[    1.594767] zbud: loaded
[    1.596670] squashfs: version 4.0 (2009/01/31) Phillip Lougher
[    1.603713] fuse init (API version 7.26)
[    1.613298] Key type asymmetric registered
[    1.614302] Asymmetric key parser 'x509' registered
[    1.615402] Block layer SCSI generic (bsg) driver version 0.4 loaded (major 246)
[    1.626100] io scheduler noop registered
[    1.637773] io scheduler deadline registered
[    1.638930] io scheduler cfq registered (default)
[    1.640633] ACPI: AC Adapter [AC] (on-line)
[    1.654811] input: Power Button as /devices/LNXSYSTM:00/LNXPWRBN:00/input/input0
[    1.657014] ACPI: Power Button [PWRF]
[    1.658243] input: Sleep Button as /devices/LNXSYSTM:00/LNXSLPBN:00/input/input1
[    1.660311] ACPI: Sleep Button [SLPF]
[    1.663412] ACPI: Battery Slot [BAT0] (battery present)
[    1.665102] Serial: 8250/16550 driver, 32 ports, IRQ sharing enabled
[    1.691368] 00:02: ttyS0 at I/O 0x3f8 (irq = 4, base_baud = 115200) is a 16550A
[    1.712005] Linux agpgart interface v0.103
[    1.720297] loop: module loaded
[    1.722635] scsi host0: ata_piix
[    1.724255] scsi host1: ata_piix
[    1.725266] ata1: PATA max UDMA/33 cmd 0x1f0 ctl 0x3f6 bmdma 0xd000 irq 14
[    1.727138] ata2: PATA max UDMA/33 cmd 0x170 ctl 0x376 bmdma 0xd008 irq 15
[    1.729072] libphy: Fixed MDIO Bus: probed
[    1.735672] tun: Universal TUN/TAP device driver, 1.6
[    1.737152] PPP generic driver version 2.4.2
[    1.738459] ehci_hcd: USB 2.0 'Enhanced' Host Controller (EHCI) Driver
[    1.763060] ehci-pci: EHCI PCI platform driver
[    1.769733] ehci-platform: EHCI generic platform driver
[    1.771184] ohci_hcd: USB 1.1 'Open' Host Controller (OHCI) Driver
[    1.778208] ohci-pci: OHCI PCI platform driver
[    1.779486] ohci-platform: OHCI generic platform driver
[    1.786330] uhci_hcd: USB Universal Host Controller Interface driver
[    1.788188] i8042: PNP: PS/2 Controller [PNP0303:PS2K,PNP0f03:PS2M] at 0x60,0x64 irq 1,12
[    1.791156] serio: i8042 KBD port at 0x60,0x64 irq 1
[    1.792637] serio: i8042 AUX port at 0x60,0x64 irq 12
[    1.794388] mousedev: PS/2 mouse device common for all mice
[    1.796804] input: AT Translated Set 2 keyboard as /devices/platform/i8042/serio0/input/input2
[    1.800166] rtc_cmos rtc_cmos: rtc core: registered rtc_cmos as rtc0
[    1.826424] rtc_cmos rtc_cmos: alarms up to one day, 114 bytes nvram
[    1.827975] i2c /dev entries driver
[    1.829000] device-mapper: uevent: version 1.0.3
[    1.830433] device-mapper: ioctl: 4.37.0-ioctl (2017-09-20) initialised: dm-devel@redhat.com
[    1.832617] ledtrig-cpu: registered to indicate activity on CPUs
[    1.834901] NET: Registered protocol family 10
[    1.842383] Segment Routing with IPv6
[    1.843475] NET: Registered protocol family 17
[    1.845050] Key type dns_resolver registered
[    1.846521] mce: Using 0 MCE banks
[    1.847506] RAS: Correctable Errors collector initialized.
[    1.848992] sched_clock: Marking stable (1848949190, 0)->(2676393271, -827444081)
[    1.851682] registered taskstats version 1
[    1.853089] Loading compiled-in X.509 certificates
[    1.858624] Loaded X.509 cert 'Build time autogenerated kernel key: f0020782f0d3a548186fb3f47aed88387a71e859'
[    1.861259] zswap: loaded using pool lzo/zbud
[    1.877167] Key type big_key registered
[    1.878280] Key type trusted registered
[    1.882217] Key type encrypted registered
[    1.883376] AppArmor: AppArmor sha1 policy hashing enabled
[    1.884927] ima: No TPM chip found, activating TPM-bypass! (rc=-19)
[    1.886555] ima: Allocated hash algorithm: sha1
[    1.887841] evm: HMAC attrs: 0x1
[    1.889461]   Magic number: 12:480:139
[    1.890644] rtc_cmos rtc_cmos: setting system clock to 2020-03-07 18:08:35 UTC (1583604515)
[    1.893310] BIOS EDD facility v0.16 2004-Jun-25, 0 devices found
[    1.894827] EDD information not available.
[    1.938311] Freeing unused kernel image memory: 2428K
[    1.952101] Write protecting the kernel read-only data: 20480k
[    1.954600] Freeing unused kernel image memory: 2008K
[    1.956724] Freeing unused kernel image memory: 1880K
[    1.973981] x86/mm: Checked W+X mappings: passed, no W+X pages found.
[    1.999791] x86/mm: Checking user space page tables
[    2.016516] x86/mm: Checked W+X mappings: passed, no W+X pages found.
Loading, please wait...
starting version 237
[    2.187658] e1000: Intel(R) PRO/1000 Network Driver - version 7.3.21-k8-NAPI
[    2.189881] e1000: Copyright (c) 1999-2006 Intel Corporation.
[    2.191649] Fusion MPT base driver 3.04.20
[    2.193005] Copyright (c) 1999-2008 LSI Corporation
[    2.213164] AVX2 version of gcm_enc/dec engaged.
[    2.214649] AES CTR mode by8 optimization enabled
[    2.230132] Fusion MPT SPI Host driver 3.04.20
[    2.709488] input: ImExPS/2 Generic Explorer Mouse as /devices/platform/i8042/serio1/input/input4
[    3.067723] e1000 0000:00:03.0 eth0: (PCI:33MHz:32-bit) 02:2a:ce:cf:0d:74
[    3.070124] e1000 0000:00:03.0 eth0: Intel(R) PRO/1000 Network Connection
[    3.612816] e1000 0000:00:08.0 eth1: (PCI:33MHz:32-bit) 08:00:27:b6:b6:1b
[    3.614677] e1000 0000:00:08.0 eth1: Intel(R) PRO/1000 Network Connection
[    3.617797] mptbase: ioc0: Initiating bringup
[    3.618261] e1000 0000:00:03.0 enp0s3: renamed from eth0
[    3.638740] e1000 0000:00:08.0 enp0s8: renamed from eth1
[    3.752345] ioc0: LSI53C1030 A0: Capabilities={Initiator}
[    3.994043] scsi host2: ioc0: LSI53C1030 A0, FwRev=00000000h, Ports=1, MaxQ=256, IRQ=20
[    4.160498] scsi 2:0:0:0: Direct-Access     VBOX     HARDDISK         1.0  PQ: 0 ANSI: 5
[    4.200072] scsi target2:0:0: Beginning Domain Validation
[    4.202889] scsi target2:0:0: Domain Validation skipping write tests
[    4.204150] scsi target2:0:0: Ending Domain Validation
[    4.205518] scsi target2:0:0: asynchronous
[    4.209018] scsi 2:0:1:0: Direct-Access     VBOX     HARDDISK         1.0  PQ: 0 ANSI: 5
[    4.240078] scsi target2:0:1: Beginning Domain Validation
[    4.242115] random: fast init done
[    4.244203] scsi target2:0:1: Domain Validation skipping write tests
[    4.262629] scsi target2:0:1: Ending Domain Validation
[    4.264306] scsi target2:0:1: asynchronous
[    4.270360] random: systemd-udevd: uninitialized urandom read (16 bytes read)
[    4.272190] random: systemd-udevd: uninitialized urandom read (16 bytes read)
[    4.292756] random: systemd-udevd: uninitialized urandom read (16 bytes read)
[    4.294492] sd 2:0:0:0: Attached scsi generic sg0 type 0
[    4.296379] sd 2:0:0:0: [sda] 20971520 512-byte logical blocks: (10.7 GB/10.0 GiB)
[    4.301906] sd 2:0:1:0: [sdb] 20480 512-byte logical blocks: (10.5 MB/10.0 MiB)
[    4.323671] sd 2:0:1:0: Attached scsi generic sg1 type 0
[    4.326154] sd 2:0:1:0: [sdb] Write Protect is off
[    4.334937] sd 2:0:0:0: [sda] Write Protect is off
[    4.336133] sd 2:0:0:0: [sda] Incomplete mode parameter data
[    4.337334] sd 2:0:0:0: [sda] Assuming drive cache: write through
[    4.338808] sd 2:0:1:0: [sdb] Incomplete mode parameter data
[    4.340208] sd 2:0:1:0: [sdb] Assuming drive cache: write through
[    5.106546]  sda: sda1
[    5.108412] sd 2:0:0:0: [sda] Attached SCSI disk
[    5.383271] sd 2:0:1:0: [sdb] Attached SCSI disk
Begin: Loading essential drivers ... [    8.505812] raid6: sse2x1   gen()  7297 MB/s
[    8.554052] raid6: sse2x1   xor()  5175 MB/s
[    8.601295] raid6: sse2x2   gen()  7719 MB/s
[    8.656697] raid6: sse2x2   xor()  4598 MB/s
[    8.717024] raid6: sse2x4   gen()  6978 MB/s
[    8.764447] raid6: sse2x4   xor()  4003 MB/s
[    8.812467] raid6: avx2x1   gen()  9744 MB/s
[    8.867936] raid6: avx2x1   xor()  7232 MB/s
[    8.916166] raid6: avx2x2   gen() 10966 MB/s
[    8.968415] raid6: avx2x2   xor()  6517 MB/s
[    9.056329] raid6: avx2x4   gen() 17643 MB/s
[    9.104068] raid6: avx2x4   xor() 11796 MB/s
[    9.110077] raid6: using algorithm avx2x4 gen() 17643 MB/s
[    9.111110] raid6: .... xor() 11796 MB/s, rmw enabled
[    9.164511] raid6: using avx2x2 recovery algorithm
[    9.167603] xor: automatically using best checksumming function   avx       
[    9.178593] async_tx: api initialized (async)
done.
Begin: Running /scripts/init-premount ... done.
Begin: Mounting root file system ... Begin: Running /scripts/local-top ... done.
Begin: Running /scripts/local-premount ... [    9.250642] Btrfs loaded, crc32c=crc32c-intel
Scanning for Btrfs filesystems
done.
Warning: fsck not present, so skipping root file system
[    9.601202] EXT4-fs (sda1): mounted filesystem with ordered data mode. Opts: (null)
done.
Begin: Running /scripts/local-bottom ... done.
Begin: Running /scripts/init-bottom ... done.
[   10.258833] random: crng init done
[   10.296651] random: 7 urandom warning(s) missed due to ratelimiting
[   12.346823] ip_tables: (C) 2000-2006 Netfilter Core Team
[   12.687871] systemd[1]: systemd 237 running in system mode. (+PAM +AUDIT +SELINUX +IMA +APPARMOR +SMACK +SYSVINIT +UTMP +LIBCRYPTSETUP +GCRYPT +GNUTLS +ACL +XZ +LZ4 +SECCOMP +BLKID +ELFUTILS +KMOD -IDN2 +IDN -PCRE2 default-hierarchy=hybrid)
[   12.716853] systemd[1]: Detected virtualization oracle.
[   12.741671] systemd[1]: Detected architecture x86-64.

Welcome to [1mUbuntu 18.04.4 LTS[0m!

[   12.780652] systemd[1]: Set hostname to <ubuntu>.
[   12.971490] systemd[1]: Initializing machine ID from random generator.
[   12.978262] systemd[1]: Installed transient /etc/machine-id file.
[   17.403397] systemd[1]: Set up automount Arbitrary Executable File Formats File System Automount Point.
[[0;32m  OK  [0m] Set up automount Arbitrary Executab…rmats File System Automount Point.
[   17.421418] systemd[1]: Created slice System Slice.
[[0;32m  OK  [0m] Created slice System Slice.
[   17.429697] systemd[1]: Listening on LVM2 metadata daemon socket.
[[0;32m  OK  [0m] Listening on LVM2 metadata daemon socket.
[   17.434827] systemd[1]: Listening on LVM2 poll daemon socket.
[[0;32m  OK  [0m] Listening on LVM2 poll daemon socket.
[[0;32m  OK  [0m] Created slice system-serial\x2dgetty.slice.
[[0;32m  OK  [0m] Listening on Syslog Socket.
[[0;32m  OK  [0m] Created slice User and Session Slice.
[[0;32m  OK  [0m] Reached target Swap.
[[0;32m  OK  [0m] Listening on Device-mapper event daemon FIFOs.
[[0;32m  OK  [0m] Listening on Journal Socket.
         Mounting POSIX Message Queue File System...
         Starting Uncomplicated firewall...
[[0;32m  OK  [0m] Reached target Slices.
[[0;32m  OK  [0m] Listening on Journal Socket (/dev/log).
[   17.914629] systemd[1]: Starting Load Kernel Modules...
         Starting Load Kernel Modules...
[   17.939955] systemd[1]: Listening on /dev/initctl Compatibility Named Pipe.
[[0;32m  OK  [0m] Listening on /dev/initctl Compatibility Named Pipe.
[   17.967311] systemd[1]: Listening on Journal Audit Socket.
[[0;32m  OK  [0m] Listening on Journal Audit Socket.
[   17.995614] systemd[1]: Starting Journal Service...
         Starting Journal Service...
[   18.004522] systemd[1]: Starting Create list of required static device nodes for the current kernel...
         Starting Create list of required st…ce nodes for the current kernel...
[   18.038785] systemd[1]: Mounting Huge Pages File System...
         Mounting Huge Pages File System...
[   18.050249] systemd[1]: Reached target User and Group Name Lookups.
[[0;32m  OK  [0m] Reached target User and Group Name Lookups.
[   18.058233] systemd[1]: Starting Remount Root and Kernel File Systems...
         Starting Remount Root and Kernel File Systems...
[   18.084308] systemd[1]: Listening on udev Kernel Socket.
[[0;32m  OK  [0m] Listening on udev Kernel Socket.
[   18.087206] systemd[1]: Started Forward Password Requests to Wall Directory Watch.
[[0;32m  OK  [0m] Started Forward Password Requests to Wall Directory Watch.
[[0;32m  OK  [0m] Listening on Network Service Netlink Socket.
[[0;32m  OK  [0m] Reached target System Time Synchronized.
[[0;32m  OK  [0m] Listening on udev Control Socket.
         Starting udev Coldplug all Devices...
         Starting Set the console keyboard layout...
         Starting Monitoring of LVM2 mirrors…ng dmeventd or progress polling...
         Mounting Kernel Debug File System...
[[0;32m  OK  [0m] Mounted POSIX Message Queue File System.
[[0;32m  OK  [0m] Started Uncomplicated firewall.
[[0;32m  OK  [0m] Mounted Huge Pages File System.
[[0;32m  OK  [0m] Mounted Kernel Debug File System.
[[0;32m  OK  [0m] Started Create list of required sta…vice nodes for the current kernel.
         Starting Create Static Device Nodes in /dev...
[[0;32m  OK  [0m] Started Journal Service.
[   19.814214] EXT4-fs (sda1): re-mounted. Opts: (null)
[[0;32m  OK  [0m] Started Remount Root and Kernel File Systems.
         Starting Load/Save Random Seed...
         Starting Flush Journal to Persistent Storage...
[[0;32m  OK  [0m] Started Load/Save Random Seed.
[[0;32m  OK  [0m] Started udev Coldplug all Devices.
[   25.321553] Loading iSCSI transport class v2.0-870.
[   25.362307] systemd-journald[390]: Received request to flush runtime journal from PID 1
[[0;32m  OK  [0m] Started Set the console keyboard layout.
[   27.821488] iscsi: registered transport (tcp)
[[0;32m  OK  [0m] Started Flush Journal to Persistent Storage.
[   32.821824] iscsi: registered transport (iser)
[[0;32m  OK  [0m] Started Load Kernel Modules.
         Mounting FUSE Control File System...
         Mounting Kernel Configuration File System...
         Starting Apply Kernel Variables...
[[0;32m  OK  [0m] Mounted FUSE Control File System.
[[0;32m  OK  [0m] Mounted Kernel Configuration File System.
[[0;32m  OK  [0m] Started LVM2 metadata daemon.
[[0;32m  OK  [0m] Started Create Static Device Nodes in /dev.
         Starting udev Kernel Device Manager...
[[0;32m  OK  [0m] Started Monitoring of LVM2 mirrors,…sing dmeventd or progress polling.
[[0;32m  OK  [0m] Reached target Local File Systems (Pre).
[[0;32m  OK  [0m] Reached target Local File Systems.
         Starting Commit a transient machine-id on disk...
         Starting Tell Plymouth To Write Out Runtime Data...
         Starting ebtables ruleset management...
         Starting AppArmor initialization...
         Starting Create Volatile Files and Directories...
         Starting Set console font and keymap...
[[0;32m  OK  [0m] Started Set console font and keymap.
[[0;32m  OK  [0m] Started Commit a transient machine-id on disk.
[[0;32m  OK  [0m] Started Apply Kernel Variables.
[[0;32m  OK  [0m] Started Create Volatile Files and Directories.
         Starting Update UTMP about System Boot/Shutdown...
[[0;32m  OK  [0m] Started Tell Plymouth To Write Out Runtime Data.
[[0;32m  OK  [0m] Started Update UTMP about System Boot/Shutdown.
[[0;32m  OK  [0m] Started ebtables ruleset management.
[[0;32m  OK  [0m] Started udev Kernel Device Manager.
[[0;32m  OK  [0m] Started Dispatch Password Requests to Console Directory Watch.
[[0;32m  OK  [0m] Reached target Local Encrypted Volumes.
[[0;32m  OK  [0m] Found device /dev/ttyS0.
[[0;32m  OK  [0m] Listening on Load/Save RF Kill Switch Status /dev/rfkill Watch.
[[0;32m  OK  [0m] Started AppArmor initialization.
         Starting Initial cloud-init job (pre-networking)...
[   73.491263] cloud-init[516]: Cloud-init v. 19.4-33-gbb4131a2-0ubuntu1~18.04.1 running 'init-local' at Sat, 07 Mar 2020 18:09:44 +0000. Up 70.94 seconds.
[[0;32m  OK  [0m] Started Initial cloud-init job (pre-networking).
[[0;32m  OK  [0m] Reached target Network (Pre).
         Starting Network Service...
[[0;32m  OK  [0m] Started Network Service.
         Starting Wait for Network to be Configured...
         Starting Network Name Resolution...
[[0;32m  OK  [0m] Started Network Name Resolution.
[[0;32m  OK  [0m] Reached target Network.
[[0;32m  OK  [0m] Reached target Host and Network Name Lookups.
[[0;32m  OK  [0m] Started Wait for Network to be Configured.
         Starting Initial cloud-init job (metadata service crawler)...
[   77.800066] cloud-init[658]: Cloud-init v. 19.4-33-gbb4131a2-0ubuntu1~18.04.1 running 'init' at Sat, 07 Mar 2020 18:09:51 +0000. Up 77.51 seconds.
[   77.862902] cloud-init[658]: ci-info: ++++++++++++++++++++++++++++++++++++++Net device info++++++++++++++++++++++++++++++++++++++
[   77.874972] cloud-init[658]: ci-info: +--------+-------+---------------------------+---------------+--------+-------------------+
[   77.910359] cloud-init[658]: ci-info: | Device |   Up  |          Address          |      Mask     | Scope  |     Hw-Address    |
[   77.913945] cloud-init[658]: ci-info: +--------+-------+---------------------------+---------------+--------+-------------------+
[   77.924864] cloud-init[658]: ci-info: | enp0s3 |  True |         10.0.2.15         | 255.255.255.0 | global | 02:2a:ce:cf:0d:74 |
[   77.928210] cloud-init[658]: ci-info: | enp0s3 |  True | fe80::2a:ceff:fecf:d74/64 |       .       |  link  | 02:2a:ce:cf:0d:74 |
[   77.930353] cloud-init[658]: ci-info: | enp0s8 | False |             .             |       .       |   .    | 08:00:27:b6:b6:1b |
[   77.932501] cloud-init[658]: ci-info: |   lo   |  True |         127.0.0.1         |   255.0.0.0   |  host  |         .         |
[   77.996371] cloud-init[658]: ci-info: |   lo   |  True |          ::1/128          |       .       |  host  |         .         |
[   78.055908] cloud-init[658]: ci-info: +--------+-------+---------------------------+---------------+--------+-------------------+
[   78.106243] cloud-init[658]: ci-info: ++++++++++++++++++++++++++++Route IPv4 info+++++++++++++++++++++++++++++
[   78.108300] cloud-init[658]: ci-info: +-------+-------------+----------+-----------------+-----------+-------+
[   78.136488] cloud-init[658]: ci-info: | Route | Destination | Gateway  |     Genmask     | Interface | Flags |
[   78.138384] cloud-init[658]: ci-info: +-------+-------------+----------+-----------------+-----------+-------+
[   78.139803] cloud-init[658]: ci-info: |   0   |   0.0.0.0   | 10.0.2.2 |     0.0.0.0     |   enp0s3  |   UG  |
[   78.141307] cloud-init[658]: ci-info: |   1   |   10.0.2.0  | 0.0.0.0  |  255.255.255.0  |   enp0s3  |   U   |
[   78.142769] cloud-init[658]: ci-info: |   2   |   10.0.2.2  | 0.0.0.0  | 255.255.255.255 |   enp0s3  |   UH  |
[   78.144271] cloud-init[658]: ci-info: +-------+-------------+----------+-----------------+-----------+-------+
[   78.145797] cloud-init[658]: ci-info: +++++++++++++++++++Route IPv6 info+++++++++++++++++++
[   78.168304] cloud-init[658]: ci-info: +-------+-------------+---------+-----------+-------+
[   78.170195] cloud-init[658]: ci-info: | Route | Destination | Gateway | Interface | Flags |
[   78.172176] cloud-init[658]: ci-info: +-------+-------------+---------+-----------+-------+
[   78.176507] cloud-init[658]: ci-info: |   1   |  fe80::/64  |    ::   |   enp0s3  |   U   |
[   78.179212] cloud-init[658]: ci-info: |   3   |    local    |    ::   |   enp0s3  |   U   |
[   78.181188] cloud-init[658]: ci-info: |   4   |   ff00::/8  |    ::   |   enp0s3  |   U   |
[   78.182546] cloud-init[658]: ci-info: +-------+-------------+---------+-----------+-------+
[   88.302903] cloud-init[658]: Generating public/private rsa key pair.
[[0;32m  OK  [0m[   88.410891] ] cloud-initStarted Initial cloud-init job (metadata service crawler).[658]: 
Your identification has been saved in /etc/ssh/ssh_host_rsa_key.
[[   88.462177] cloud-init[658]: Your public key has been saved in /etc/ssh/ssh_host_rsa_key.pub.
[   88.462432] cloud-init[658]: The key fingerprint is:
[   88.463585] cloud-init[658]: SHA256:2JKg5RvT8K8e8wZTjrsXL0teHd6vklbZKivVDweOS0w root@ubuntu-bionic
[   88.464065] cloud-init[658]: The key's randomart image is:
[   88.464528] cloud-init[658]: +---[RSA 2048]----+
[   88.465003] cloud-init[658]: |                 |
[   88.465247] cloud-init[658]: |                 |
[   88.465478] cloud-init[658]: |    +            |
[   88.465716] cloud-init[658]: |   + = +.   E .  |
[   88.465961] cloud-init[658]: |  . + *+S  o.+ + |
[   88.466203] cloud-init[658]: |     ++oo  o=o* o|
[   88.466424] cloud-init[658]: |    . o+oo.oo+.= |
[   88.466897] cloud-init[658]: |      .B+.o * ...|
[0;32m  OK  [0m] Reached target Network is Online.
[   88.467743] cloud-init[658]: |     .+++o o.+...|
[   88.519223] cloud-init[658]: +----[SHA256]-----+
[   88.520645] cloud-init[658]: Generating public/private dsa key pair.
         [   88.552851] cloud-init[658]: Your identification has been saved in /etc/ssh/ssh_host_dsa_key.
Starting Availability of block devices...
[[   88.646048] cloud-init[658]: Your public key has been saved in /etc/ssh/ssh_host_dsa_key.pub.
[   88.646248] cloud-init[658]: The key fingerprint is:
[0;32m  OK  [0m] Reached target Remote File Systems (Pre).
[[0;32m  OK  [0m] Reached target Remote File Systems.
[[0;32m  OK  [0m[   88.646475] cloud-init[658]: SHA256:wp2tb1p4KzRO9xYZwfzmXpO5bJJACKDlLg5VxokKGD0 root@ubuntu-bionic
[   88.656756] cloud-init[658]: The key's randomart image is:
[   88.657134] cloud-init[658]: +---[DSA 1024]----+
[   88.657625] cloud-init[658]: |oo  o=o    o     |
[   88.658094] cloud-init[658]: |o E.*o .    +    |
[   88.658569] cloud-init[658]: |. .+ .  . .  o   |
[   88.658815] cloud-init[658]: | .. .. . + .. o  |
[   88.659053] cloud-init[658]: | . . .o S o  =  o|
[   88.659543] cloud-init[658]: |  o .  .+o..o .+.|
[   88.660016] cloud-init[658]: |   .   +ooo..oo.o|
] Reached target Cloud-config availability.
[[0;32m  OK  [0m] Reached target System Initialization.
[[0;32m  OK  [0m] Listening on D-Bus System Message Bus Socket.
[   88.660780] cloud-init[658]: |        o+..oo.+ |
[   88.780383] cloud-init[658]: |        .+o.  o  |
[   88.792708] cloud-init[658]: +----[SHA256]-----+
[   88.794450] cloud-init[658]: Generating public/private ecdsa key pair.
[   88.800354] cloud-init[658]: Your identification has been saved in /etc/ssh/ssh_host_ecdsa_key.
[[0;32m  OK  [0m] Started ACPI Events Check.
[[0;32m  OK  [0m] Started Discard unused blocks once a week.
[   88.858505] cloud-init[658]: Your public key has been saved in /etc/ssh/ssh_host_ecdsa_key.pub.
[   88.905296] cloud-init[658]: The key fingerprint is:
[[0;32m  OK  [0m] Listening on UUID daemon activation socket.
[[0;32m  OK  [0m] Started Daily apt download activities.
[[0;32m  OK  [0m] Started Daily apt upgrade and clean activities.
[   88.908646] cloud-init[658]: SHA256:UwmMWAyOv5sMu4zQGzl+Y/ZigH9RsTeO2sv22GjFBgs root@ubuntu-bionic
         Starting Socket activation for snappy daemon.
[[0;32m  OK  [0m] Started Message of the Day.
[[0;32m  OK  [0m] Listening on ACPID Listen Socket.
[   88.968960] [cloud-init[0;32m  OK  [0m[658]: ] The key's randomart image is:Started Daily Cleanup of Temporary Directories.

         Starting LXD - unix socket.
[   89.061575] [[0;32m  OK  [0m] Listening on Open-iSCSI iscsid Socket.
[[0;32m  OK  [0m] Reached target Paths.
[[0;32m  OK  [0m] Reached target Timers.
cloud-init[658]: +---[ECDSA 256]---+
[[0;32m  OK  [0m] Started Availability of block devices.
[   89.100551] [[0;32m  OK  [0m] Listening on Socket activation for snappy daemon.
[[0;32m  OK  [0m] Listening on LXD - unix socket.
[[0;32m  OK  [0m] Reached target Sockets.
[[0;32m  OK  [0m] Reached target Basic System.
cloud-init[658]: |    .=.o.        |
[[0;32m  OK  [0m] Started Deferred execution scheduler.
[   89.136594] cloud-init[658]: |   o. + .. .     |
[   89.157711] cloud-init[658]: |  . .  o  o      |
         Starting System Logging Service...
[   89.173104] cloud-init[658]: |   .E + o.       |         
Starting Accounts Service...
[   89.225345] cloud-init[658]: | .  .o BS.       |
[   89.226811] cloud-init[658]: |......o =.       |
[   89.247919] cloud-init[658]: |..*..+ o         |
[   89.285234] cloud-init[658]: |.+.BX+++         |
[   89.301790] cloud-init[658]: |. *B+**oo        |
[   89.308976] cloud-init[658]: +----[SHA256]-----+
[   89.310565] cloud-init[658]: Generating public/private ed25519 key pair.
[   89.329258] cloud-init[658]: Your identification has been saved in /etc/ssh/ssh_host_ed25519_key.
[   89.335959] cloud-init[658]: Your public key has been saved in /etc/ssh/ssh_host_ed25519_key.pub.
[   89.374024] cloud-init[658]: The key fingerprint is:
[   89.432338] cloud-init[658]: SHA256:ikxuBmJgnfDEUmEWA9szpy1KcmX/nSZF1IXp0jQP2vQ root@ubuntu-bionic
[   89.472301] cloud-init[658]: The key's randomart image is:
[   89.480520] cloud-init[658]: +--[ED25519 256]--+
[   89.483337] cloud-init[658]: | o+Oo     .. +.  |
[   89.485106] cloud-init[658]: | .X.o    .  O    |
[   89.488675] cloud-init[658]: |.o.Bo.    .B =   |
[   89.490355] cloud-init[658]: |o  o*.   .o + E  |
[   89.491998] cloud-init[658]: |oooo... S ..     |
[   89.493717] cloud-init[658]: |+o.=.. o o .     |
[   89.495299] cloud-init[658]: | .  * . o +      |
[   89.496910] cloud-init[658]: |   o     o       |
[   89.502726] cloud-init[658]: |                 |
[   89.506713] cloud-init[658]: +----[SHA256]-----+
[[0;32m  OK  [0m] Started irqbalance daemon.
         Starting Virtualbox guest utils...
         Starting Dispatcher daemon for systemd-networkd...
         Starting LSB: Record successful boot for GRUB...
[[0;32m  OK  [0m] Started D-Bus System Message Bus.
[[0;32m  OK  [0m] Started Regular background program processing daemon.
         Starting Login Service...
         Starting Pollinate to seed the pseudo random number generator...
         Starting Snappy daemon...
         Starting LSB: automatic crash report generation...
[[0;32m  OK  [0m] Started FUSE filesystem for LXC.
         Starting LXD - container startup/shutdown...
         Starting Permit User Sessions...
[[0;32m  OK  [0m] Started System Logging Service.
[[0;32m  OK  [0m] Started Permit User Sessions.
[[0;32m  OK  [0m] Started Login Service.
[[0;32m  OK  [0m] Started Unattended Upgrades Shutdown.
         Starting Terminate Plymouth Boot Screen...
         Starting Hold until boot process finishes up...
         Starting Authorization Manager...
[[0;32m  OK  [0m] Started Terminate Plymouth Boot Screen.
[[0;32m  OK  [0m] Started Hold until boot process finishes up.
         Starting Set console scheme...
[[0;32m  OK  [0m] Started Serial Getty on ttyS0.
[[0;32m  OK  [0m] Started Set console scheme.
[[0;32m  OK  [0m] Created slice system-getty.slice.
[[0;32m  OK  [0m] Started Getty on tty1.
[[0;32m  OK  [0m] Reached target Login Prompts.
[[0;32m  OK  [0m] Started LSB: automatic crash report generation.
[[0;32m  OK  [0m] Started LSB: Record successful boot for GRUB.
[[0;32m  OK  [0m] Started Authorization Manager.
[[0;32m  OK  [0m] Started Accounts Service.
[[0;32m  OK  [0m] Started Virtualbox guest utils.
[[0;32m  OK  [0m] Started Dispatcher daemon for systemd-networkd.
[[0;32m  OK  [0m] Started LXD - container startup/shutdown.
[[0;32m  OK  [0m] Started Snappy daemon.
         Starting Wait until snapd is fully seeded...

Ubuntu 18.04.4 LTS ubuntu-bionic ttyS0

ubuntu-bionic login: [  103.165814] cloud-init[1423]: Cloud-init v. 19.4-33-gbb4131a2-0ubuntu1~18.04.1 running 'modules:config' at Sat, 07 Mar 2020 18:10:14 +0000. Up 100.95 seconds.
ci-info: no authorized SSH keys fingerprints found for user ubuntu.
<14>Mar  7 18:10:17 ec2: 
<14>Mar  7 18:10:17 ec2: #############################################################
<14>Mar  7 18:10:17 ec2: -----BEGIN SSH HOST KEY FINGERPRINTS-----
<14>Mar  7 18:10:17 ec2: 1024 SHA256:wp2tb1p4KzRO9xYZwfzmXpO5bJJACKDlLg5VxokKGD0 root@ubuntu-bionic (DSA)
<14>Mar  7 18:10:17 ec2: 256 SHA256:UwmMWAyOv5sMu4zQGzl+Y/ZigH9RsTeO2sv22GjFBgs root@ubuntu-bionic (ECDSA)
<14>Mar  7 18:10:17 ec2: 256 SHA256:ikxuBmJgnfDEUmEWA9szpy1KcmX/nSZF1IXp0jQP2vQ root@ubuntu-bionic (ED25519)
<14>Mar  7 18:10:17 ec2: 2048 SHA256:2JKg5RvT8K8e8wZTjrsXL0teHd6vklbZKivVDweOS0w root@ubuntu-bionic (RSA)
<14>Mar  7 18:10:17 ec2: -----END SSH HOST KEY FINGERPRINTS-----
<14>Mar  7 18:10:17 ec2: #############################################################
-----BEGIN SSH HOST KEY KEYS-----
ecdsa-sha2-nistp256 AAAAE2VjZHNhLXNoYTItbmlzdHAyNTYAAAAIbmlzdHAyNTYAAABBBFTXRERWYcnl2Sjfr5yt26nNbRygblPIkoZdXUJI2oJvYOxBkXFRwK3ukTsJ8+e0pAMXPzRDciY/IMWE4h3nbm4= root@ubuntu-bionic
ssh-ed25519 AAAAC3NzaC1lZDI1NTE5AAAAIOw9PAOO0S0+D3BG4qQ1Rpg9aMMtIUIDk1Lw8S5ceecT root@ubuntu-bionic
ssh-rsa AAAAB3NzaC1yc2EAAAADAQABAAABAQDNGQoPil4r/bMWycqHH4Blnmdh3m7IuKgmED4s763ZXTfdWUn0IuXepAmC4pFzb7hsXa5VaGy7wXm3FXLYoXXxdFWNdlxaoCV49ybINVL2a2oIQS9lirvBe/exOZ+Uxpekmivi5+o/5U8syPJ5ryF0xZQ0GeAlepaCxLMFVMTgrh/6f5kPOz9TQ1b3tG8BllYRYZmVHYrOY82AgOE5aRMO9FzOBmpEi6zl3fK5RfS5mtnMEP6W7F8qUEfkHEXriDLWbVNrODrcNFvTDfCAztV2/bbo49h3QQzO0nzx9eSXYHamI3tZuEipyKFw/cR+tkAUyJLdEOWZ0/sISRKoaScb root@ubuntu-bionic
-----END SSH HOST KEY KEYS-----
[  104.136990] cloud-init[1603]: Cloud-init v. 19.4-33-gbb4131a2-0ubuntu1~18.04.1 running 'modules:final' at Sat, 07 Mar 2020 18:10:17 +0000. Up 103.75 seconds.
[  104.137119] cloud-init[1603]: ci-info: no authorized SSH keys fingerprints found for user ubuntu.
[  104.137209] cloud-init[1603]: Cloud-init v. 19.4-33-gbb4131a2-0ubuntu1~18.04.1 finished at Sat, 07 Mar 2020 18:10:17 +0000. Datasource DataSourceNoCloud [seed=/dev/sdb][dsmode=net].  Up 104.09 seconds
